2022-04-20 16:39:30,114 - longzhong_sj.py[line:1894] - WARNING: 206.38200306892395
2022-04-20 16:54:18,050 - longzhong_sj.py[line:1894] - WARNING: 5.2030558586120605
2022-04-20 16:55:33,945 - longzhong_sj.py[line:1894] - WARNING: 5.7096107006073
2022-04-20 16:58:33,270 - longzhong_sj.py[line:1894] - WARNING: 15.852641582489014
2022-04-20 16:59:53,214 - longzhong_sj.py[line:1894] - WARNING: 42.07055926322937
2022-04-20 17:34:28,314 - longzhong_sj.py[line:1190] - WARNING: HTTPSConnectionPool(host='dc.oilchem.net', port=443): Read timed out. (read timeout=5)
2022-04-20 20:34:11,930 - longzhong_sj.py[line:1190] - WARNING: HTTPSConnectionPool(host='dc.oilchem.net', port=443): Read timed out. (read timeout=5)
2022-04-20 20:34:17,038 - longzhong_sj.py[line:1190] - WARNING: HTTPSConnectionPool(host='dc.oilchem.net', port=443): Read timed out. (read timeout=5)
2022-04-20 20:34:22,150 - longzhong_sj.py[line:1190] - WARNING: HTTPSConnectionPool(host='dc.oilchem.net', port=443): Read timed out. (read timeout=5)
2022-04-20 20:34:37,484 - longzhong_sj.py[line:1190] - WARNING: HTTPSConnectionPool(host='dc.oilchem.net', port=443): Read timed out. (read timeout=5)
2022-04-20 21:22:28,190 - longzhong_sj.py[line:1190] - WARNING: HTTPSConnectionPool(host='dc.oilchem.net', port=443): Read timed out. (read timeout=5)
2022-04-20 23:31:23,556 - longzhong_sj.py[line:1190] - WARNING: HTTPSConnectionPool(host='dc.oilchem.net', port=443): Read timed out. (read timeout=5)
2022-04-21 06:31:26,816 - longzhong_sj.py[line:1725] - WARNING: (2013, 'Lost connection to MySQL server during query ([WinError 10060] 由于连接方在一段时间后没有正确答复或连接的主机没有反应，连接尝试失败。)')
2022-04-21 06:31:26,817 - longzhong_sj.py[line:1726] - WARNING: ('20211122', 1, 'PP', '透明料', '3240N', '华南地区', '福建联合', '中石化华南', 0.0, 0.0, 9200.0, '元吨', 0.0, 0.0, '', '', '2022-04-21 06:31:05', 1, '企业出厂价', 'https://dc.oilchem.net/price_search/doExportZip.htm?startDate=20190101&endDate=20220421&indexType=0&businessInformation=%5B%7B%22businessType%22%3A%222%22%2C%22varietiesId%22%3A%22317%22%2C%22businessIdList%22%3A%5B26387%5D%7D%5D&fileName=0110efaf5836e50a526de718b3197a42.xlsx', 'f602766594723ab8293747e47904ec3b')
2022-04-21 06:31:26,817 - longzhong_sj.py[line:1219] - WARNING: 该链接数据报错 https://dc.oilchem.net/price_search/doExportZip.htm?startDate=20190101&endDate=20220421&indexType=0&businessInformation=%5B%7B%22businessType%22%3A%222%22%2C%22varietiesId%22%3A%22317%22%2C%22businessIdList%22%3A%5B26387%5D%7D%5D&fileName=0110efaf5836e50a526de718b3197a42.xlsx  (0, '')
2022-04-21 06:31:26,905 - longzhong_sj.py[line:1219] - WARNING: 该链接数据报错 https://dc.oilchem.net/price_search/doExportZip.htm?startDate=20190101&endDate=20220421&indexType=0&businessInformation=%5B%7B%22businessType%22%3A%222%22%2C%22varietiesId%22%3A%22317%22%2C%22businessIdList%22%3A%5B26388%5D%7D%5D&fileName=a227422e20f1c1e3a916cfab8c062e23.xlsx  (2013, 'Lost connection to MySQL server during query ([WinError 10060] 由于连接方在一段时间后没有正确答复或连接的主机没有反应，连接尝试失败。)')
2022-04-21 06:31:46,024 - longzhong_sj.py[line:1190] - WARNING: 27.150.182.135:27017: [WinError 10060] 由于连接方在一段时间后没有正确答复或连接的主机没有反应，连接尝试失败。
2022-04-21 06:31:46,102 - longzhong_sj.py[line:1190] - WARNING: 27.150.182.135:27017: [WinError 10060] 由于连接方在一段时间后没有正确答复或连接的主机没有反应，连接尝试失败。
2022-04-21 08:08:16,088 - longzhong_sj.py[line:1190] - WARNING: HTTPSConnectionPool(host='dc.oilchem.net', port=443): Read timed out. (read timeout=5)
2022-04-21 08:18:34,127 - longzhong_sj.py[line:1190] - WARNING: HTTPSConnectionPool(host='dc.oilchem.net', port=443): Read timed out. (read timeout=5)
2022-04-21 08:19:23,112 - longzhong_sj.py[line:1190] - WARNING: HTTPSConnectionPool(host='dc.oilchem.net', port=443): Read timed out. (read timeout=5)
2022-04-21 08:23:12,433 - longzhong_sj.py[line:1190] - WARNING: HTTPSConnectionPool(host='dc.oilchem.net', port=443): Read timed out. (read timeout=5)
2022-04-21 08:24:03,469 - longzhong_sj.py[line:1190] - WARNING: HTTPSConnectionPool(host='dc.oilchem.net', port=443): Read timed out. (read timeout=5)
2022-04-21 10:05:55,850 - longzhong_sj.py[line:1894] - WARNING: 61522.398163318634
2022-04-21 14:02:16,188 - longzhong_sj.py[line:1190] - WARNING: HTTPSConnectionPool(host='dc.oilchem.net', port=443): Read timed out. (read timeout=5)
2022-04-21 14:02:33,102 - longzhong_sj.py[line:1190] - WARNING: HTTPSConnectionPool(host='dc.oilchem.net', port=443): Read timed out. (read timeout=5)
2022-04-21 14:16:23,629 - longzhong_sj.py[line:1894] - WARNING: 128.352543592453
2022-04-21 23:02:24,018 - longzhong_sj.py[line:1894] - WARNING: 1633.8354868888855
2022-04-22 00:09:56,093 - longzhong_sj.py[line:1190] - WARNING: HTTPSConnectionPool(host='dc.oilchem.net', port=443): Read timed out. (read timeout=5)
2022-04-22 00:13:21,861 - longzhong_sj.py[line:1190] - WARNING: HTTPSConnectionPool(host='dc.oilchem.net', port=443): Read timed out. (read timeout=5)
2022-04-22 00:15:02,582 - longzhong_sj.py[line:1190] - WARNING: HTTPSConnectionPool(host='dc.oilchem.net', port=443): Read timed out. (read timeout=5)
2022-04-22 01:10:11,987 - longzhong_sj.py[line:1894] - WARNING: 7538.424860715866
2022-04-22 20:15:00,320 - longzhong_sj.py[line:1190] - WARNING: HTTPSConnectionPool(host='dc.oilchem.net', port=443): Read timed out. (read timeout=5)
2022-04-22 20:30:12,572 - longzhong_sj.py[line:1894] - WARNING: 305.263174533844
2022-04-22 20:30:41,175 - longzhong_sj.py[line:1894] - WARNING: 13.432599306106567
2022-04-22 20:30:56,205 - longzhong_sj.py[line:1894] - WARNING: 11.254127740859985
2022-04-22 20:32:24,608 - longzhong_sj.py[line:1894] - WARNING: 14.618967533111572
2022-04-22 20:32:31,470 - longzhong_sj.py[line:1894] - WARNING: 3.936511278152466
2022-04-22 20:32:39,700 - longzhong_sj.py[line:1894] - WARNING: 4.76252818107605
2022-04-22 20:56:52,694 - longzhong_sj.py[line:1894] - WARNING: 12.81656265258789
2022-04-22 21:47:09,740 - longzhong_sj.py[line:1190] - WARNING: HTTPSConnectionPool(host='dc.oilchem.net', port=443): Read timed out. (read timeout=5)
2022-04-22 23:00:54,640 - longzhong_sj.py[line:1190] - WARNING: HTTPSConnectionPool(host='dc.oilchem.net', port=443): Read timed out. (read timeout=5)
2022-04-22 23:06:42,672 - longzhong_sj.py[line:1894] - WARNING: 6373.344903707504
2022-04-23 20:39:46,698 - longzhong_sj.py[line:1894] - WARNING: 46.96268820762634
2022-04-23 22:32:47,584 - longzhong_sj.py[line:1895] - WARNING: 6692.265920877457
2022-04-24 22:19:45,007 - longzhong_sj.py[line:1190] - WARNING: HTTPSConnectionPool(host='dc.oilchem.net', port=443): Read timed out. (read timeout=5)
2022-04-24 22:19:45,549 - longzhong_sj.py[line:1190] - WARNING: HTTPSConnectionPool(host='dc.oilchem.net', port=443): Read timed out. (read timeout=5)
2022-04-24 22:19:51,934 - longzhong_sj.py[line:1190] - WARNING: HTTPSConnectionPool(host='dc.oilchem.net', port=443): Read timed out. (read timeout=5)
2022-04-24 22:20:00,524 - longzhong_sj.py[line:1190] - WARNING: HTTPSConnectionPool(host='dc.oilchem.net', port=443): Read timed out. (read timeout=5)
2022-04-24 22:21:32,114 - longzhong_sj.py[line:1190] - WARNING: HTTPSConnectionPool(host='dc.oilchem.net', port=443): Read timed out. (read timeout=5)
2022-04-24 22:22:37,067 - longzhong_sj.py[line:1190] - WARNING: HTTPSConnectionPool(host='dc.oilchem.net', port=443): Read timed out. (read timeout=5)
2022-04-24 23:11:54,138 - longzhong_sj.py[line:1190] - WARNING: (2013, 'Lost connection to MySQL server during query ([WinError 10053] 你的主机中的软件中止了一个已建立的连接。)')
2022-04-24 23:13:12,955 - longzhong_sj.py[line:1219] - WARNING: 该链接数据报错 https://dc.oilchem.net/price_search/doExportZip.htm?startDate=20190101&endDate=20220424&indexType=0&businessInformation=%5B%7B%22businessType%22%3A%223%22%2C%22varietiesId%22%3A%22317%22%2C%22businessIdList%22%3A%5B8125%5D%7D%5D&fileName=a2e3ec4698b1dcd7847c669919ba2dea.xlsx  (2013, 'Lost connection to MySQL server during query ([WinError 10060] 由于连接方在一段时间后没有正确答复或连接的主机没有反应，连接尝试失败。)')
2022-04-25 21:40:59,731 - longzhong_sj.py[line:1193] - WARNING: HTTPSConnectionPool(host='dc.oilchem.net', port=443): Read timed out. (read timeout=5)
2022-04-25 21:41:09,415 - longzhong_sj.py[line:1193] - WARNING: HTTPSConnectionPool(host='dc.oilchem.net', port=443): Read timed out. (read timeout=5)
2022-04-25 21:42:27,378 - longzhong_sj.py[line:1193] - WARNING: HTTPSConnectionPool(host='dc.oilchem.net', port=443): Read timed out. (read timeout=5)
2022-04-25 22:00:31,108 - longzhong_sj.py[line:1193] - WARNING: (2003, "Can't connect to MySQL server on '27.150.182.135' (timed out)")
2022-04-25 22:30:12,092 - longzhong_sj.py[line:1193] - WARNING: HTTPSConnectionPool(host='dc.oilchem.net', port=443): Read timed out. (read timeout=5)
2022-04-25 23:05:47,790 - longzhong_sj.py[line:1898] - WARNING: 8066.437562704086
2022-04-26 23:34:29,763 - longzhong_sj.py[line:1898] - WARNING: 7104.192920684814
2022-04-27 22:27:49,780 - longzhong_sj.py[line:1193] - WARNING: HTTPSConnectionPool(host='dc.oilchem.net', port=443): Read timed out. (read timeout=5)
2022-04-27 22:28:04,066 - longzhong_sj.py[line:1193] - WARNING: HTTPSConnectionPool(host='dc.oilchem.net', port=443): Read timed out. (read timeout=5)
2022-04-28 00:13:04,458 - longzhong_sj.py[line:1898] - WARNING: 8033.500650167465
2022-04-29 03:21:29,985 - longzhong_sj.py[line:1898] - WARNING: 6954.709864139557
